{"C:\\Users\\jagad\\Desktop\\workspace\\app\\routes\\index.js":{"path":"C:\\Users\\jagad\\Desktop\\workspace\\app\\routes\\index.js","s":{"1":1,"2":1,"3":1},"b":{},"f":{"1":1},"fnMap":{"1":{"name":"(anonymous_1)","line":3,"loc":{"start":{"line":3,"column":17},"end":{"line":3,"column":35}}}},"statementMap":{"1":{"start":{"line":2,"column":0},"end":{"line":2,"column":46}},"2":{"start":{"line":3,"column":0},"end":{"line":5,"column":2}},"3":{"start":{"line":4,"column":2},"end":{"line":4,"column":22}}},"branchMap":{}},"C:\\Users\\jagad\\Desktop\\workspace\\app\\routes\\market_routes.js":{"path":"C:\\Users\\jagad\\Desktop\\workspace\\app\\routes\\market_routes.js","s":{"1":1,"2":1,"3":8,"4":2,"5":2,"6":2,"7":2,"8":1,"9":1,"10":8,"11":2,"12":2,"13":2,"14":2,"15":2,"16":1,"17":1,"18":8,"19":2,"20":2,"21":2,"22":2,"23":1,"24":1,"25":8,"26":2,"27":2,"28":2,"29":1,"30":1},"b":{"1":[1,1],"2":[1,1],"3":[1,1],"4":[1,1]},"f":{"1":8},"fnMap":{"1":{"name":"(anonymous_1)","line":5,"loc":{"start":{"line":5,"column":17},"end":{"line":5,"column":35}}}},"statementMap":{"1":{"start":{"line":2,"column":0},"end":{"line":2,"column":45}},"2":{"start":{"line":5,"column":0},"end":{"line":56,"column":2}},"3":{"start":{"line":7,"column":2},"end":{"line":17,"column":5}},"4":{"start":{"line":8,"column":4},"end":{"line":8,"column":29}},"5":{"start":{"line":9,"column":4},"end":{"line":9,"column":48}},"6":{"start":{"line":10,"column":4},"end":{"line":16,"column":7}},"7":{"start":{"line":11,"column":6},"end":{"line":15,"column":7}},"8":{"start":{"line":12,"column":8},"end":{"line":12,"column":52}},"9":{"start":{"line":14,"column":8},"end":{"line":14,"column":23}},"10":{"start":{"line":19,"column":2},"end":{"line":30,"column":5}},"11":{"start":{"line":20,"column":4},"end":{"line":20,"column":29}},"12":{"start":{"line":21,"column":4},"end":{"line":21,"column":48}},"13":{"start":{"line":22,"column":4},"end":{"line":22,"column":67}},"14":{"start":{"line":23,"column":4},"end":{"line":29,"column":7}},"15":{"start":{"line":24,"column":6},"end":{"line":28,"column":7}},"16":{"start":{"line":25,"column":10},"end":{"line":25,"column":54}},"17":{"start":{"line":27,"column":10},"end":{"line":27,"column":28}},"18":{"start":{"line":32,"column":2},"end":{"line":42,"column":5}},"19":{"start":{"line":33,"column":4},"end":{"line":33,"column":29}},"20":{"start":{"line":34,"column":4},"end":{"line":34,"column":48}},"21":{"start":{"line":35,"column":4},"end":{"line":41,"column":7}},"22":{"start":{"line":36,"column":6},"end":{"line":40,"column":7}},"23":{"start":{"line":37,"column":8},"end":{"line":37,"column":52}},"24":{"start":{"line":39,"column":8},"end":{"line":39,"column":48}},"25":{"start":{"line":46,"column":2},"end":{"line":55,"column":5}},"26":{"start":{"line":47,"column":4},"end":{"line":47,"column":67}},"27":{"start":{"line":48,"column":4},"end":{"line":54,"column":7}},"28":{"start":{"line":49,"column":6},"end":{"line":53,"column":7}},"29":{"start":{"line":50,"column":8},"end":{"line":50,"column":55}},"30":{"start":{"line":52,"column":8},"end":{"line":52,"column":32}}},"branchMap":{"1":{"line":11,"type":"if","locations":[{"start":{"line":11,"column":6},"end":{"line":11,"column":6}},{"start":{"line":11,"column":6},"end":{"line":11,"column":6}}]},"2":{"line":24,"type":"if","locations":[{"start":{"line":24,"column":6},"end":{"line":24,"column":6}},{"start":{"line":24,"column":6},"end":{"line":24,"column":6}}]},"3":{"line":36,"type":"if","locations":[{"start":{"line":36,"column":6},"end":{"line":36,"column":6}},{"start":{"line":36,"column":6},"end":{"line":36,"column":6}}]},"4":{"line":49,"type":"if","locations":[{"start":{"line":49,"column":6},"end":{"line":49,"column":6}},{"start":{"line":49,"column":6},"end":{"line":49,"column":6}}]}}}}