TN:
SF:C:\Users\jagad\Desktop\workspace\app\routes\index.js
FN:3,(anonymous_1)
FNF:1
FNH:1
FNDA:1,(anonymous_1)
DA:2,1
DA:3,1
DA:4,1
LF:3
LH:3
BRF:0
BRH:0
end_of_record
TN:
SF:C:\Users\jagad\Desktop\workspace\app\routes\market_routes.js
FN:5,(anonymous_1)
FNF:1
FNH:1
FNDA:8,(anonymous_1)
DA:2,1
DA:5,1
DA:7,8
DA:8,2
DA:9,2
DA:10,2
DA:11,2
DA:12,1
DA:14,1
DA:19,8
DA:20,2
DA:21,2
DA:22,2
DA:23,2
DA:24,2
DA:25,1
DA:27,1
DA:32,8
DA:33,2
DA:34,2
DA:35,2
DA:36,2
DA:37,1
DA:39,1
DA:46,8
DA:47,2
DA:48,2
DA:49,2
DA:50,1
DA:52,1
LF:30
LH:30
BRDA:11,1,0,1
BRDA:11,1,1,1
BRDA:24,2,0,1
BRDA:24,2,1,1
BRDA:36,3,0,1
BRDA:36,3,1,1
BRDA:49,4,0,1
BRDA:49,4,1,1
BRF:8
BRH:8
end_of_record
